Build started 9/16/2015 9:55:45 PM.
     1>Project "C:\krish\program1 palindrome\program1 palindrome.vcxproj" on node 2 (Build target(s)).
     1>ClCompile:
         C:\Program Files (x86)\Microsoft Visual Studio 12.0\VC\bin\CL.exe /c /ZI /nologo /W3 /WX- /sdl /Od /Oy- /D _MBCS /Gm /EHsc /RTC1 /MDd /GS /fp:precise /Zc:wchar_t /Zc:forScope /Fo"Debug\\" /Fd"Debug\vc120.pdb" /Gd /TP /analyze- /errorReport:prompt Source.cpp String_Queue.cpp string_stack.cpp
         string_stack.cpp
         String_Queue.cpp
         Generating Code...
     1>c:\krish\program1 palindrome\string_queue.cpp(43): warning C4715: 'String_Queue::dequeue' : not all control paths return a value
         Compiling...
         Source.cpp
     1>c:\krish\program1 palindrome\source.cpp(74): warning C4018: '<' : signed/unsigned mismatch
         Generating Code...
       Link:
         C:\Program Files (x86)\Microsoft Visual Studio 12.0\VC\bin\link.exe /ERRORREPORT:PROMPT /OUT:"C:\krish\program1 palindrome\Debug\program1 palindrome.exe" /INCREMENTAL /NOLOGO kernel32.lib user32.lib gdi32.lib winspool.lib comdlg32.lib advapi32.lib shell32.lib ole32.lib oleaut32.lib uuid.lib odbc32.lib odbccp32.lib /MANIFEST /MANIFESTUAC:"level='asInvoker' uiAccess='false'" /manifest:embed /DEBUG /PDB:"C:\krish\program1 palindrome\Debug\program1 palindrome.pdb" /TLBID:1 /DYNAMICBASE /NXCOMPAT /IMPLIB:"C:\krish\program1 palindrome\Debug\program1 palindrome.lib" /MACHINE:X86 Debug\Source.obj
         Debug\String_Queue.obj
         Debug\string_stack.obj
         program1 palindrome.vcxproj -> C:\krish\program1 palindrome\Debug\program1 palindrome.exe
     1>Done Building Project "C:\krish\program1 palindrome\program1 palindrome.vcxproj" (Build target(s)).

Build succeeded.

Time Elapsed 00:00:01.74
